  ConexionMySQL.cpp
     Creando biblioteca C:\Users\Administrador\Documents\ConexionMySQL\x64\Release\ConexionMySQL.lib y objeto C:\Users\Administrador\Documents\ConexionMySQL\x64\Release\ConexionMySQL.exp
  Generando código
  1 of 225 functions ( 0.4%) were compiled, the rest were copied from previous compilation.
    0 functions were new in current compilation
    1 functions had inline decision re-evaluated but remain unchanged
  Generación de código finalizada
mysqlcppconn-static.lib(mysql_driver.obj) : warning LNK4099: no se encontró PDB '' con 'mysqlcppconn-static.lib(mysql_driver.obj)' o en ''; se vinculará el objeto sin tener en cuenta información de depuración
mysqlcppconn-static.lib(mysql_connection.obj) : warning LNK4099: no se encontró PDB '' con 'mysqlcppconn-static.lib(mysql_connection.obj)' o en ''; se vinculará el objeto sin tener en cuenta información de depuración
mysqlcppconn-static.lib(mysql_native_driver_wrapper.obj) : warning LNK4099: no se encontró PDB '' con 'mysqlcppconn-static.lib(mysql_native_driver_wrapper.obj)' o en ''; se vinculará el objeto sin tener en cuenta información de depuración
mysqlcppconn-static.lib(mysql_uri.obj) : warning LNK4099: no se encontró PDB '' con 'mysqlcppconn-static.lib(mysql_uri.obj)' o en ''; se vinculará el objeto sin tener en cuenta información de depuración
mysqlcppconn-static.lib(mysql_metadata.obj) : warning LNK4099: no se encontró PDB '' con 'mysqlcppconn-static.lib(mysql_metadata.obj)' o en ''; se vinculará el objeto sin tener en cuenta información de depuración
mysqlcppconn-static.lib(mysql_warning.obj) : warning LNK4099: no se encontró PDB '' con 'mysqlcppconn-static.lib(mysql_warning.obj)' o en ''; se vinculará el objeto sin tener en cuenta información de depuración
mysqlcppconn-static.lib(mysql_prepared_statement.obj) : warning LNK4099: no se encontró PDB '' con 'mysqlcppconn-static.lib(mysql_prepared_statement.obj)' o en ''; se vinculará el objeto sin tener en cuenta información de depuración
mysqlcppconn-static.lib(mysql_statement.obj) : warning LNK4099: no se encontró PDB '' con 'mysqlcppconn-static.lib(mysql_statement.obj)' o en ''; se vinculará el objeto sin tener en cuenta información de depuración
mysqlcppconn-static.lib(mysql_debug.obj) : warning LNK4099: no se encontró PDB '' con 'mysqlcppconn-static.lib(mysql_debug.obj)' o en ''; se vinculará el objeto sin tener en cuenta información de depuración
mysqlcppconn-static.lib(mysql_client_api.obj) : warning LNK4099: no se encontró PDB '' con 'mysqlcppconn-static.lib(mysql_client_api.obj)' o en ''; se vinculará el objeto sin tener en cuenta información de depuración
mysqlcppconn-static.lib(mysql_native_connection_wrapper.obj) : warning LNK4099: no se encontró PDB '' con 'mysqlcppconn-static.lib(mysql_native_connection_wrapper.obj)' o en ''; se vinculará el objeto sin tener en cuenta información de depuración
mysqlcppconn-static.lib(mysql_util.obj) : warning LNK4099: no se encontró PDB '' con 'mysqlcppconn-static.lib(mysql_util.obj)' o en ''; se vinculará el objeto sin tener en cuenta información de depuración
mysqlcppconn-static.lib(mysql_art_resultset.obj) : warning LNK4099: no se encontró PDB '' con 'mysqlcppconn-static.lib(mysql_art_resultset.obj)' o en ''; se vinculará el objeto sin tener en cuenta información de depuración
mysqlcppconn-static.lib(mysql_resultbind.obj) : warning LNK4099: no se encontró PDB '' con 'mysqlcppconn-static.lib(mysql_resultbind.obj)' o en ''; se vinculará el objeto sin tener en cuenta información de depuración
mysqlcppconn-static.lib(mysql_ps_resultset.obj) : warning LNK4099: no se encontró PDB '' con 'mysqlcppconn-static.lib(mysql_ps_resultset.obj)' o en ''; se vinculará el objeto sin tener en cuenta información de depuración
mysqlcppconn-static.lib(mysql_ps_resultset_metadata.obj) : warning LNK4099: no se encontró PDB '' con 'mysqlcppconn-static.lib(mysql_ps_resultset_metadata.obj)' o en ''; se vinculará el objeto sin tener en cuenta información de depuración
mysqlcppconn-static.lib(mysql_parameter_metadata.obj) : warning LNK4099: no se encontró PDB '' con 'mysqlcppconn-static.lib(mysql_parameter_metadata.obj)' o en ''; se vinculará el objeto sin tener en cuenta información de depuración
mysqlcppconn-static.lib(mysql_resultset.obj) : warning LNK4099: no se encontró PDB '' con 'mysqlcppconn-static.lib(mysql_resultset.obj)' o en ''; se vinculará el objeto sin tener en cuenta información de depuración
mysqlcppconn-static.lib(mysql_native_resultset_wrapper.obj) : warning LNK4099: no se encontró PDB '' con 'mysqlcppconn-static.lib(mysql_native_resultset_wrapper.obj)' o en ''; se vinculará el objeto sin tener en cuenta información de depuración
mysqlcppconn-static.lib(mysql_native_statement_wrapper.obj) : warning LNK4099: no se encontró PDB '' con 'mysqlcppconn-static.lib(mysql_native_statement_wrapper.obj)' o en ''; se vinculará el objeto sin tener en cuenta información de depuración
mysqlcppconn-static.lib(mysql_art_rset_metadata.obj) : warning LNK4099: no se encontró PDB '' con 'mysqlcppconn-static.lib(mysql_art_rset_metadata.obj)' o en ''; se vinculará el objeto sin tener en cuenta información de depuración
mysqlcppconn-static.lib(mysql_resultset_metadata.obj) : warning LNK4099: no se encontró PDB '' con 'mysqlcppconn-static.lib(mysql_resultset_metadata.obj)' o en ''; se vinculará el objeto sin tener en cuenta información de depuración
  ConexionMySQL.vcxproj -> C:\Users\Administrador\Documents\ConexionMySQL\x64\Release\ConexionMySQL.exe
